============================= test session starts ==============================
platform linux -- Python 3.10.6, pytest-8.1.1, pluggy-1.4.0 -- /home/msposito/.pyenv/versions/3.10.6/envs/taxifare-env/bin/python3.10
cachedir: .pytest_cache
rootdir: /home/msposito/code/lewagon/07-ML-Ops/01-Train-at-scale/data-train-at-scale/tests
configfile: pytest_kitt.ini
collecting ... collected 8 items

tests/train_at_scale/test_clean.py::test_clean_data PASSED               [ 12%]
tests/train_at_scale/test_main_local.py::TestMainLocal::test_route_preprocess_and_train FAILED [ 25%]
tests/train_at_scale/test_main_local.py::TestMainLocal::test_route_pred PASSED [ 37%]
tests/train_at_scale/test_main_local.py::TestMainLocal::test_route_preprocess PASSED [ 50%]
tests/train_at_scale/test_main_local.py::TestMainLocal::test_route_train PASSED [ 62%]
tests/train_at_scale/test_model.py::test_model_can_fit PASSED            [ 75%]
tests/train_at_scale/test_notebook.py::TestNotebook::test_y_pred PASSED  [ 87%]
tests/train_at_scale/test_processor_pipeline.py::test_preprocess_features PASSED [100%]

=================================== FAILURES ===================================
________________ TestMainLocal.test_route_preprocess_and_train _________________

self = <tests.train_at_scale.test_main_local.TestMainLocal object at 0x7fee1e6e15d0>

    def test_route_preprocess_and_train(self):
    
        # 1) SETUP
        data_query_path = Path(LOCAL_DATA_PATH).joinpath("raw",f"query_{MIN_DATE}_{MAX_DATE}_{DATA_SIZE}.csv")
        data_query_exists = data_query_path.is_file()
    
        if data_query_exists:
            # We start from a blank state. No cached files
            shutil.copyfile(data_query_path, f'{data_query_path}_backup')
            data_query_path.unlink()
    
        # 2) ACT
>       from taxifare.interface.main_local import preprocess_and_train
E       ImportError: cannot import name 'preprocess_and_train' from 'taxifare.interface.main_local' (/home/msposito/code/lewagon/07-ML-Ops/01-Train-at-scale/data-train-at-scale/taxifare/interface/main_local.py)

tests/train_at_scale/test_main_local.py:33: ImportError
----------------------------- Captured stdout call -----------------------------
[34m
Loading TensorFlow...[0m

✅ TensorFlow loaded (0.0s)
----------------------------- Captured stderr call -----------------------------
2024-04-14 20:59:23.675895: I tensorflow/core/platform/cpu_feature_guard.cc:193] This TensorFlow binary is optimized with oneAPI Deep Neural Network Library (oneDNN) to use the following CPU instructions in performance-critical operations:  AVX2 FMA
To enable them in other operations, rebuild TensorFlow with the appropriate compiler flags.
2024-04-14 20:59:23.837855: W tensorflow/stream_executor/platform/default/dso_loader.cc:64] Could not load dynamic library 'libcudart.so.11.0'; dlerror: libcudart.so.11.0: cannot open shared object file: No such file or directory
2024-04-14 20:59:23.837895: I tensorflow/stream_executor/cuda/cudart_stub.cc:29] Ignore above cudart dlerror if you do not have a GPU set up on your machine.
2024-04-14 20:59:23.871607: E tensorflow/stream_executor/cuda/cuda_blas.cc:2981] Unable to register cuBLAS factory: Attempting to register factory for plugin cuBLAS when one has already been registered
2024-04-14 20:59:25.012387: W tensorflow/stream_executor/platform/default/dso_loader.cc:64] Could not load dynamic library 'libnvinfer.so.7'; dlerror: libnvinfer.so.7: cannot open shared object file: No such file or directory
2024-04-14 20:59:25.012471: W tensorflow/stream_executor/platform/default/dso_loader.cc:64] Could not load dynamic library 'libnvinfer_plugin.so.7'; dlerror: libnvinfer_plugin.so.7: cannot open shared object file: No such file or directory
2024-04-14 20:59:25.012482: W tensorflow/compiler/tf2tensorrt/utils/py_utils.cc:38] TF-TRT Warning: Cannot dlopen some TensorRT libraries. If you would like to use Nvidia GPU with TensorRT, please make sure the missing libraries mentioned above are installed properly.
=========================== short test summary info ============================
FAILED tests/train_at_scale/test_main_local.py::TestMainLocal::test_route_preprocess_and_train
=================== 1 failed, 7 passed, 9 warnings in 30.70s ===================
